# Low energy data in SOFTSUSY: MIXING=0 TOLERANCE=1.000000e-03
mU: 1.375003e-03  mC: 6.250222e-01  mt: 1.657605e+02  mt^pole: 1.734000e+02
mD: 2.734060e-03  mS: 5.986152e-02  mB: 2.866748e+00  mb^pole: 4.962029e+00
mE: 5.026664e-04  mM: 1.039355e-01  mT: 1.751578e+00
aE: 1.279250e+02  aS: 1.187000e-01  scale: 9.118760e+01
loops: 3        thresholds: 1

# tan beta   mh           mA           mH0          mH+-
mh^0: 1.125108e+02 mA^0: 7.930470e+02 mH^0: 7.932162e+02 mH^+-: 7.973983e+02
alpha: -1.060908e-01
sneutrinos(1,3):
 7.798220e+02  7.798124e+02  7.775655e+02
mU~(2,3):
 1.040230e+03  1.040227e+03  9.636074e+02 
 9.985628e+02  9.985594e+02  7.569268e+02 
mD~(2,3):
 1.046636e+03  1.046633e+03  9.359616e+02 
 1.003244e+03  1.003241e+03  9.984903e+02 
mE~(2,3):
 7.841008e+02  7.842191e+02  7.831013e+02 
 7.142009e+02  7.141797e+02  7.079133e+02 
thetat: -3.060925e-01 thetab: 1.670010e-01 thetatau: -1.326414e-01
mGluino:  1.826447e+02
charginos(1,2):
 3.824517e+02  7.439107e+02
thetaL: -2.131023e-01 thetaR: -1.264815e-01
neutralinos(1,4):
 3.817492e+02  4.470837e+02 -7.306310e+02  7.418141e+02
neutralino mixing matrix (4,4):
-7.237422e-02  9.901500e-01 -2.383802e-02 -1.174590e-01 
 9.800732e-01  9.285863e-02  4.462370e-02  1.698312e-01 
-1.592123e-01  8.673374e-02  7.043624e-01  6.862961e-01 
 9.418089e-02 -5.879998e-02  7.080354e-01 -6.973940e-01 

