# Low energy data in SOFTSUSY: MIXING=0 TOLERANCE=1.000000e-03
mU: 1.375003e-03  mC: 6.250222e-01  mt: 1.657605e+02  mt^pole: 1.734000e+02
mD: 2.734060e-03  mS: 5.986152e-02  mB: 2.866748e+00  mb^pole: 4.962029e+00
mE: 5.026664e-04  mM: 1.039355e-01  mT: 1.751578e+00
aE: 1.279250e+02  aS: 1.187000e-01  scale: 9.118760e+01
loops: 3        thresholds: 1

# tan beta   mh           mA           mH0          mH+-
mh^0: 1.227380e+02 mA^0: 1.720962e+03 mH^0: 1.720373e+03 mH^+-: 1.722935e+03
alpha: -5.234838e-02
sneutrinos(1,3):
 1.643046e+03  1.642969e+03  1.624336e+03
mU~(2,3):
 2.693699e+03  2.693682e+03  2.495173e+03 
 2.611735e+03  2.611731e+03  2.142216e+03 
mD~(2,3):
 2.704970e+03  2.704950e+03  2.467516e+03 
 2.609718e+03  2.609691e+03  2.563851e+03 
mE~(2,3):
 1.645197e+03  1.645435e+03  1.628523e+03 
 1.475308e+03  1.475134e+03  1.431169e+03 
thetat: -2.619849e-01 thetab: 1.591161e-01 thetatau: -1.040917e-01
mGluino:  2.120122e+03
charginos(1,2):
 1.388401e+03  1.666393e+03
thetaL: -2.275088e-01 thetaR: -1.942217e-01
neutralinos(1,4):
 1.231883e+03  1.387967e+03 -1.642773e+03  1.656822e+03
neutralino mixing matrix (4,4):
 9.960217e-01  4.358478e-02 -1.033153e-02 -7.703445e-02 
-2.600028e-02  9.763530e-01  1.724188e-02  2.139192e-01 
 6.740662e-02 -1.609248e-01  7.066483e-01  6.857170e-01 
-5.216332e-02  1.376165e-01  7.072795e-01 -6.914452e-01 

